#
# There is insufficient memory for the Java Runtime Environment to continue.
# Native memory allocation (malloc) failed to allocate 1560976 bytes for Chunk::new
# Possible reasons:
#   The system is out of physical RAM or swap space
#   The process is running with CompressedOops enabled, and the Java Heap may be blocking the growth of the native heap
# Possible solutions:
#   Reduce memory load on the system
#   Increase physical memory or swap space
#   Check if swap backing store is full
#   Decrease Java heap size (-Xmx/-Xms)
#   Decrease number of Java threads
#   Decrease Java thread stack sizes (-Xss)
#   Set larger code cache with -XX:ReservedCodeCacheSize=
#   JVM is running with Unscaled Compressed Oops mode in which the Java heap is
#     placed in the first 4GB address space. The Java Heap base address is the
#     maximum limit for the native heap growth. Please use -XX:HeapBaseMinAddress
#     to set the Java Heap base and to place the Java Heap above 4GB virtual address.
# This output file may be truncated or incomplete.
#
#  Out of Memory Error (./src/hotspot/share/memory/arena.cpp:197), pid=9788, tid=6812
#
# JRE version: OpenJDK Runtime Environment (11.0.12+7) (build 11.0.12+7-b1504.28-7817840)
# Java VM: OpenJDK 64-Bit Server VM (11.0.12+7-b1504.28-7817840, mixed mode, tiered, compressed oops, g1 gc, windows-amd64)
# No core dump will be written. Minidumps are not enabled by default on client versions of Windows
#

---------------  S U M M A R Y ------------

Command Line: --add-opens=java.base/java.util=ALL-UNNAMED --add-opens=java.base/java.lang=ALL-UNNAMED --add-opens=java.base/java.lang.invoke=ALL-UNNAMED --add-opens=java.base/java.util=ALL-UNNAMED --add-opens=java.prefs/java.util.prefs=ALL-UNNAMED --add-opens=java.prefs/java.util.prefs=ALL-UNNAMED --add-opens=java.base/java.nio.charset=ALL-UNNAMED --add-opens=java.base/java.net=ALL-UNNAMED --add-opens=java.base/java.util.concurrent.atomic=ALL-UNNAMED -Xmx2048m -Dfile.encoding=UTF-8 -Duser.country=US -Duser.language=en -Duser.variant org.gradle.launcher.daemon.bootstrap.GradleDaemon 7.3.3

Host: Intel(R) Core(TM) i7-7500U CPU @ 2.70GHz, 4 cores, 7G,  Windows 10 , 64 bit Build 19041 (10.0.19041.1806)
Time: Thu Jul 28 08:33:20 2022 W. Central Africa Standard Time elapsed time: 29.241966 seconds (0d 0h 0m 29s)

---------------  T H R E A D  ---------------

Current thread (0x0000018471bc3000):  JavaThread "C2 CompilerThread1" daemon [_thread_in_native, id=6812, stack(0x000000547f900000,0x000000547fa00000)]


Current CompileTask:
C2:  29242 10256       4       com.android.utils.XmlUtils::append (645 bytes)

Stack: [0x000000547f900000,0x000000547fa00000]
Native frames: (J=compiled Java code, j=interpreted, Vv=VM code, C=native code)
V  [jvm.dll+0x5fbcea]
V  [jvm.dll+0x731905]
V  [jvm.dll+0x732f1d]
V  [jvm.dll+0x7335d3]
V  [jvm.dll+0x247bf8]
V  [jvm.dll+0xc018c]
V  [jvm.dll+0xc06cc]
V  [jvm.dll+0x35b2db]
V  [jvm.dll+0x19d0bc]
V  [jvm.dll+0x20070e]
V  [jvm.dll+0x1ff794]
V  [jvm.dll+0x18868c]
V  [jvm.dll+0x20e0d7]
V  [jvm.dll+0x20c901]
V  [jvm.dll+0x6f9b7f]
V  [jvm.dll+0x6f26a5]
V  [jvm.dll+0x5fabf6]
C  [ucrtbase.dll+0x21bb2]
C  [KERNEL32.DLL+0x17034]
C  [ntdll.dll+0x52651]


---------------  P R O C E S S  ---------------

Threads class SMR info:
_java_thread_list=0x0000018472043920, length=89, elements={
0x000001845072b800, 0x000001846a322800, 0x000001846a32c000, 0x000001846a33c800,
0x000001846a33d000, 0x000001846a33f800, 0x000001846a344800, 0x000001846acec000,
0x000001846a36e000, 0x000001846adea800, 0x000001846cb6e800, 0x000001846baa0000,
0x000001846c79a800, 0x000001846b72a000, 0x000001846c551800, 0x000001846d114000,
0x000001846d0a6800, 0x000001846ce6d000, 0x000001846c6b2000, 0x000001846d14c000,
0x000001846d14d000, 0x000001846d152000, 0x000001846d150000, 0x000001846d152800,
0x000001846d14e000, 0x000001846d151000, 0x000001846d14e800, 0x000001846d14f800,
0x000001846eee9800, 0x000001846eeea800, 0x000001846eeed800, 0x000001846eeec000,
0x000001846eeed000, 0x000001846eee8800, 0x000001846eeef800, 0x000001846d868800,
0x000001846d86c800, 0x000001846d869800, 0x000001846d86b000, 0x000001846d86c000,
0x000001846d86d800, 0x000001846d86e800, 0x000001846d86a000, 0x000001846d870800,
0x000001846d872800, 0x000001846d873000, 0x000001846d874000, 0x000001846d870000,
0x000001846d871800, 0x000001846d875000, 0x000001846d86f000, 0x000001846d875800,
0x000001846d876800, 0x000001846d877800, 0x000001846e785000, 0x000001846e784000,
0x000001846e781000, 0x000001846e785800, 0x000001846e782800, 0x000001846e783800,
0x000001846e780000, 0x000001846e786800, 0x000001846e787800, 0x000001846e781800,
0x000001846e78a000, 0x000001846e78a800, 0x000001846e78b800, 0x000001846e78d000,
0x000001846e78c000, 0x000001846e78e000, 0x000001846e788000, 0x000001846e789000,
0x000001846e78e800, 0x000001846fd94800, 0x000001846fd9a000, 0x000001846fd96000,
0x000001846fd97800, 0x000001846fd99000, 0x000001846fd98800, 0x000001846fd96800,
0x000001846fd95000, 0x000001846fd9f800, 0x000001846fda1800, 0x000001846fd9c800,
0x000001846fd9e000, 0x000001846fd9d800, 0x000001846fd9f000, 0x000001846fda0800,
0x0000018471bc3000
}

Java Threads: ( => current thread )
  0x000001845072b800 JavaThread "main" [_thread_blocked, id=6212, stack(0x0000005479700000,0x0000005479800000)]
  0x000001846a322800 JavaThread "Reference Handler" daemon [_thread_blocked, id=14512, stack(0x0000005479e00000,0x0000005479f00000)]
  0x000001846a32c000 JavaThread "Finalizer" daemon [_thread_blocked, id=15212, stack(0x0000005479f00000,0x000000547a000000)]
  0x000001846a33c800 JavaThread "Signal Dispatcher" daemon [_thread_blocked, id=13192, stack(0x000000547a000000,0x000000547a100000)]
  0x000001846a33d000 JavaThread "Attach Listener" daemon [_thread_blocked, id=3492, stack(0x000000547a100000,0x000000547a200000)]
  0x000001846a33f800 JavaThread "Service Thread" daemon [_thread_blocked, id=9344, stack(0x000000547a200000,0x000000547a300000)]
  0x000001846a344800 JavaThread "C2 CompilerThread0" daemon [_thread_in_native, id=7496, stack(0x000000547a300000,0x000000547a400000)]
  0x000001846acec000 JavaThread "C1 CompilerThread0" daemon [_thread_blocked, id=7516, stack(0x000000547a400000,0x000000547a500000)]
  0x000001846a36e000 JavaThread "Sweeper thread" daemon [_thread_blocked, id=8532, stack(0x000000547a500000,0x000000547a600000)]
  0x000001846adea800 JavaThread "Common-Cleaner" daemon [_thread_blocked, id=16212, stack(0x000000547a600000,0x000000547a700000)]
  0x000001846cb6e800 JavaThread "Daemon health stats" [_thread_blocked, id=7928, stack(0x000000547ab00000,0x000000547ac00000)]
  0x000001846baa0000 JavaThread "Incoming local TCP Connector on port 64523" [_thread_in_native, id=3248, stack(0x000000547aa00000,0x000000547ab00000)]
  0x000001846c79a800 JavaThread "Daemon periodic checks" [_thread_blocked, id=9776, stack(0x000000547ac00000,0x000000547ad00000)]
  0x000001846b72a000 JavaThread "Daemon" [_thread_blocked, id=14108, stack(0x000000547ad00000,0x000000547ae00000)]
  0x000001846c551800 JavaThread "Handler for socket connection from /127.0.0.1:64523 to /127.0.0.1:64524" [_thread_in_native, id=8712, stack(0x000000547ae00000,0x000000547af00000)]
  0x000001846d114000 JavaThread "Cancel handler" [_thread_blocked, id=14320, stack(0x000000547af00000,0x000000547b000000)]
  0x000001846d0a6800 JavaThread "Daemon worker" [_thread_blocked, id=6320, stack(0x000000547b000000,0x000000547b100000)]
  0x000001846ce6d000 JavaThread "Asynchronous log dispatcher for DefaultDaemonConnection: socket connection from /127.0.0.1:64523 to /127.0.0.1:64524" [_thread_blocked, id=15248, stack(0x000000547b100000,0x000000547b200000)]
  0x000001846c6b2000 JavaThread "Stdin handler" [_thread_blocked, id=248, stack(0x000000547b200000,0x000000547b300000)]
  0x000001846d14c000 JavaThread "Daemon client event forwarder" [_thread_blocked, id=2288, stack(0x000000547b300000,0x000000547b400000)]
  0x000001846d14d000 JavaThread "Cache worker for journal cache (C:\Users\Envy\.gradle\caches\journal-1)" [_thread_blocked, id=8848, stack(0x000000547b500000,0x000000547b600000)]
  0x000001846d152000 JavaThread "File lock request listener" [_thread_in_native, id=15592, stack(0x000000547b600000,0x000000547b700000)]
  0x000001846d150000 JavaThread "Cache worker for file hash cache (C:\Users\Envy\.gradle\caches\7.3.3\fileHashes)" [_thread_blocked, id=13432, stack(0x000000547b700000,0x000000547b800000)]
  0x000001846d152800 JavaThread "Cache worker for file hash cache (C:\Users\Envy\AndroidStudioProjects\BankApp\.gradle\7.3.3\fileHashes)" [_thread_blocked, id=5264, stack(0x000000547b800000,0x000000547b900000)]
  0x000001846d14e000 JavaThread "File watcher server" daemon [_thread_in_native, id=3224, stack(0x000000547ba00000,0x000000547bb00000)]
  0x000001846d151000 JavaThread "File watcher consumer" daemon [_thread_blocked, id=13200, stack(0x000000547bb00000,0x000000547bc00000)]
  0x000001846d14e800 JavaThread "Cache worker for checksums cache (C:\Users\Envy\AndroidStudioProjects\BankApp\.gradle\7.3.3\checksums)" [_thread_blocked, id=3904, stack(0x000000547bc00000,0x000000547bd00000)]
  0x000001846d14f800 JavaThread "Cache worker for cache directory md-supplier (C:\Users\Envy\.gradle\caches\7.3.3\md-supplier)" [_thread_blocked, id=10196, stack(0x000000547bd00000,0x000000547be00000)]
  0x000001846eee9800 JavaThread "Cache worker for cache directory md-rule (C:\Users\Envy\.gradle\caches\7.3.3\md-rule)" [_thread_blocked, id=8156, stack(0x000000547be00000,0x000000547bf00000)]
  0x000001846eeea800 JavaThread "Cache worker for execution history cache (C:\Users\Envy\.gradle\caches\7.3.3\executionHistory)" [_thread_blocked, id=10700, stack(0x000000547bf00000,0x000000547c000000)]
  0x000001846eeed800 JavaThread "jar transforms" [_thread_blocked, id=848, stack(0x000000547c000000,0x000000547c100000)]
  0x000001846eeec000 JavaThread "Cache worker for file content cache (C:\Users\Envy\.gradle\caches\7.3.3\fileContent)" [_thread_blocked, id=8932, stack(0x000000547c100000,0x000000547c200000)]
  0x000001846eeed000 JavaThread "jar transforms Thread 2" [_thread_blocked, id=6196, stack(0x000000547c200000,0x000000547c300000)]
  0x000001846eee8800 JavaThread "Cache worker for dependencies-accessors (C:\Users\Envy\AndroidStudioProjects\BankApp\.gradle\7.3.3\dependencies-accessors)" [_thread_blocked, id=13796, stack(0x000000547c300000,0x000000547c400000)]
  0x000001846eeef800 JavaThread "jar transforms Thread 3" [_thread_blocked, id=16064, stack(0x000000547c400000,0x000000547c500000)]
  0x000001846d868800 JavaThread "Cache worker for Build Output Cleanup Cache (C:\Users\Envy\AndroidStudioProjects\BankApp\.gradle\buildOutputCleanup)" [_thread_blocked, id=11108, stack(0x000000547c500000,0x000000547c600000)]
  0x000001846d86c800 JavaThread "Unconstrained build operations" [_thread_blocked, id=8036, stack(0x000000547c600000,0x000000547c700000)]
  0x000001846d869800 JavaThread "Unconstrained build operations Thread 2" [_thread_blocked, id=15040, stack(0x000000547c700000,0x000000547c800000)]
  0x000001846d86b000 JavaThread "Unconstrained build operations Thread 3" [_thread_blocked, id=5460, stack(0x000000547c800000,0x000000547c900000)]
  0x000001846d86c000 JavaThread "Unconstrained build operations Thread 4" [_thread_blocked, id=7184, stack(0x000000547c900000,0x000000547ca00000)]
  0x000001846d86d800 JavaThread "Unconstrained build operations Thread 5" [_thread_blocked, id=10768, stack(0x000000547ca00000,0x000000547cb00000)]
  0x000001846d86e800 JavaThread "Unconstrained build operations Thread 6" [_thread_blocked, id=2056, stack(0x000000547cb00000,0x000000547cc00000)]
  0x000001846d86a000 JavaThread "Unconstrained build operations Thread 7" [_thread_blocked, id=15932, stack(0x000000547cc00000,0x000000547cd00000)]
  0x000001846d870800 JavaThread "Unconstrained build operations Thread 8" [_thread_blocked, id=9572, stack(0x000000547cd00000,0x000000547ce00000)]
  0x000001846d872800 JavaThread "Unconstrained build operations Thread 9" [_thread_blocked, id=13140, stack(0x000000547ce00000,0x000000547cf00000)]
  0x000001846d873000 JavaThread "Unconstrained build operations Thread 10" [_thread_blocked, id=15824, stack(0x000000547cf00000,0x000000547d000000)]
  0x000001846d874000 JavaThread "Unconstrained build operations Thread 11" [_thread_blocked, id=10184, stack(0x000000547d000000,0x000000547d100000)]
  0x000001846d870000 JavaThread "Unconstrained build operations Thread 12" [_thread_blocked, id=3292, stack(0x000000547d100000,0x000000547d200000)]
  0x000001846d871800 JavaThread "Unconstrained build operations Thread 13" [_thread_blocked, id=12512, stack(0x000000547d200000,0x000000547d300000)]
  0x000001846d875000 JavaThread "Unconstrained build operations Thread 14" [_thread_blocked, id=5656, stack(0x000000547d300000,0x000000547d400000)]
  0x000001846d86f000 JavaThread "Unconstrained build operations Thread 15" [_thread_blocked, id=10336, stack(0x000000547d400000,0x000000547d500000)]
  0x000001846d875800 JavaThread "Unconstrained build operations Thread 16" [_thread_blocked, id=4044, stack(0x000000547d500000,0x000000547d600000)]
  0x000001846d876800 JavaThread "Unconstrained build operations Thread 17" [_thread_blocked, id=12024, stack(0x000000547d600000,0x000000547d700000)]
  0x000001846d877800 JavaThread "Unconstrained build operations Thread 18" [_thread_blocked, id=13644, stack(0x000000547d700000,0x000000547d800000)]
  0x000001846e785000 JavaThread "Unconstrained build operations Thread 19" [_thread_blocked, id=11172, stack(0x000000547d800000,0x000000547d900000)]
  0x000001846e784000 JavaThread "Unconstrained build operations Thread 20" [_thread_blocked, id=8388, stack(0x000000547d900000,0x000000547da00000)]
  0x000001846e781000 JavaThread "Unconstrained build operations Thread 21" [_thread_blocked, id=7464, stack(0x000000547da00000,0x000000547db00000)]
  0x000001846e785800 JavaThread "Unconstrained build operations Thread 22" [_thread_blocked, id=12200, stack(0x000000547db00000,0x000000547dc00000)]
  0x000001846e782800 JavaThread "Unconstrained build operations Thread 23" [_thread_blocked, id=4904, stack(0x000000547dc00000,0x000000547dd00000)]
  0x000001846e783800 JavaThread "Unconstrained build operations Thread 24" [_thread_blocked, id=988, stack(0x000000547dd00000,0x000000547de00000)]
  0x000001846e780000 JavaThread "Unconstrained build operations Thread 25" [_thread_blocked, id=6680, stack(0x000000547de00000,0x000000547df00000)]
  0x000001846e786800 JavaThread "Unconstrained build operations Thread 26" [_thread_blocked, id=5300, stack(0x000000547df00000,0x000000547e000000)]
  0x000001846e787800 JavaThread "Unconstrained build operations Thread 27" [_thread_blocked, id=15392, stack(0x000000547e000000,0x000000547e100000)]
  0x000001846e781800 JavaThread "Unconstrained build operations Thread 28" [_thread_blocked, id=6804, stack(0x000000547e100000,0x000000547e200000)]
  0x000001846e78a000 JavaThread "Unconstrained build operations Thread 29" [_thread_blocked, id=9308, stack(0x000000547e200000,0x000000547e300000)]
  0x000001846e78a800 JavaThread "Unconstrained build operations Thread 30" [_thread_blocked, id=6564, stack(0x000000547e300000,0x000000547e400000)]
  0x000001846e78b800 JavaThread "Unconstrained build operations Thread 31" [_thread_blocked, id=9040, stack(0x000000547e400000,0x000000547e500000)]
  0x000001846e78d000 JavaThread "Unconstrained build operations Thread 32" [_thread_blocked, id=1764, stack(0x000000547e500000,0x000000547e600000)]
  0x000001846e78c000 JavaThread "Unconstrained build operations Thread 33" [_thread_blocked, id=12724, stack(0x000000547e600000,0x000000547e700000)]
  0x000001846e78e000 JavaThread "Unconstrained build operations Thread 34" [_thread_blocked, id=13228, stack(0x000000547e700000,0x000000547e800000)]
  0x000001846e788000 JavaThread "Unconstrained build operations Thread 35" [_thread_blocked, id=15416, stack(0x000000547e800000,0x000000547e900000)]
  0x000001846e789000 JavaThread "Unconstrained build operations Thread 36" [_thread_blocked, id=9796, stack(0x000000547e900000,0x000000547ea00000)]
  0x000001846e78e800 JavaThread "Unconstrained build operations Thread 37" [_thread_blocked, id=3404, stack(0x000000547ea00000,0x000000547eb00000)]
  0x000001846fd94800 JavaThread "Unconstrained build operations Thread 38" [_thread_blocked, id=13044, stack(0x000000547eb00000,0x000000547ec00000)]
  0x000001846fd9a000 JavaThread "Unconstrained build operations Thread 39" [_thread_blocked, id=11564, stack(0x000000547ec00000,0x000000547ed00000)]
  0x000001846fd96000 JavaThread "Unconstrained build operations Thread 40" [_thread_blocked, id=10752, stack(0x000000547ed00000,0x000000547ee00000)]
  0x000001846fd97800 JavaThread "jar transforms Thread 4" [_thread_blocked, id=9816, stack(0x000000547ee00000,0x000000547ef00000)]
  0x000001846fd99000 JavaThread "Memory manager" [_thread_blocked, id=11116, stack(0x000000547ef00000,0x000000547f000000)]
  0x000001846fd98800 JavaThread "build event listener" [_thread_blocked, id=2688, stack(0x000000547f000000,0x000000547f100000)]
  0x000001846fd96800 JavaThread "pool-3-thread-1" [_thread_blocked, id=12872, stack(0x000000547f100000,0x000000547f200000)]
  0x000001846fd95000 JavaThread "build event listener" [_thread_blocked, id=1140, stack(0x000000547f200000,0x000000547f300000)]
  0x000001846fd9f800 JavaThread "Execution worker for ':'" [_thread_blocked, id=6968, stack(0x000000547f300000,0x000000547f400000)]
  0x000001846fda1800 JavaThread "Execution worker for ':' Thread 2" [_thread_blocked, id=14288, stack(0x000000547f400000,0x000000547f500000)]
  0x000001846fd9c800 JavaThread "Execution worker for ':' Thread 3" [_thread_in_native, id=9060, stack(0x000000547f500000,0x000000547f600000)]
  0x000001846fd9e000 JavaThread "Cache worker for execution history cache (C:\Users\Envy\AndroidStudioProjects\BankApp\.gradle\7.3.3\executionHistory)" [_thread_blocked, id=8680, stack(0x000000547f600000,0x000000547f700000)]
  0x000001846fd9d800 JavaThread "WorkerExecutor Queue" [_thread_blocked, id=6672, stack(0x000000547f700000,0x000000547f800000)]
  0x000001846fd9f000 JavaThread "WorkerExecutor Queue Thread 2" [_thread_blocked, id=8612, stack(0x000000547f800000,0x000000547f900000)]
  0x000001846fda0800 JavaThread "WorkerExecutor Queue Thread 3" [_thread_blocked, id=2868, stack(0x000000547b900000,0x000000547ba00000)]
=>0x0000018471bc3000 JavaThread "C2 CompilerThread1" daemon [_thread_in_native, id=6812, stack(0x000000547f900000,0x000000547fa00000)]

Other Threads:
  0x000001846a31c800 VMThread "VM Thread" [stack: 0x0000005479d00000,0x0000005479e00000] [id=5244]
  0x000001846ae1b000 WatcherThread [stack: 0x000000547a700000,0x000000547a800000] [id=8292]
  0x0000018450745000 GCTaskThread "GC Thread#0" [stack: 0x0000005479800000,0x0000005479900000] [id=11788]
  0x000001846b665000 GCTaskThread "GC Thread#1" [stack: 0x000000547a800000,0x000000547a900000] [id=11192]
  0x000001846b714000 GCTaskThread "GC Thread#2" [stack: 0x000000547a900000,0x000000547aa00000] [id=12140]
  0x000001846d0a7000 GCTaskThread "GC Thread#3" [stack: 0x000000547b400000,0x000000547b500000] [id=10644]
  0x0000018450776800 ConcurrentGCThread "G1 Main Marker" [stack: 0x0000005479900000,0x0000005479a00000] [id=8936]
  0x0000018450778000 ConcurrentGCThread "G1 Conc#0" [stack: 0x0000005479a00000,0x0000005479b00000] [id=14136]
  0x0000018450808800 ConcurrentGCThread "G1 Refine#0" [stack: 0x0000005479b00000,0x0000005479c00000] [id=9044]
  0x000001846ba25000 ConcurrentGCThread "G1 Refine#1" [stack: 0x000000547fa00000,0x000000547fb00000] [id=3120]
  0x0000018450809800 ConcurrentGCThread "G1 Young RemSet Sampling" [stack: 0x0000005479c00000,0x0000005479d00000] [id=10976]

Threads with active compile tasks:
C2 CompilerThread0  29283 10340       4       com.google.gson.stream.JsonWriter::string (169 bytes)
C2 CompilerThread1  29283 10256       4       com.android.utils.XmlUtils::append (645 bytes)

VM state:not at safepoint (normal execution)

VM Mutex/Monitor currently owned by a thread: None

Heap address: 0x0000000080000000, size: 2048 MB, Compressed Oops mode: 32-bit
Narrow klass base: 0x0000000000000000, Narrow klass shift: 3
Compressed class space size: 1073741824 Address: 0x0000000100000000

Heap:
 garbage-first heap   total 189440K, used 96618K [0x0000000080000000, 0x0000000100000000)
  region size 1024K, 12 young (12288K), 9 survivors (9216K)
 Metaspace       used 87831K, capacity 89957K, committed 90232K, reserved 1128448K
  class space    used 11301K, capacity 12107K, committed 12152K, reserved 1048576K
Heap Regions: E=young(eden), S=young(survivor), O=old, HS=humongous(starts), HC=humongous(continues), CS=collection set, F=free, A=archive, TAMS=top-at-mark-start (previous, next)
|   0|0x0000000080000000, 0x0000000080100000, 0x0000000080100000|100%| O|  |TAMS 0x0000000080100000, 0x0000000080000000| Untracked 
|   1|0x0000000080100000, 0x0000000080200000, 0x0000000080200000|100%| O|  |TAMS 0x0000000080200000, 0x0000000080100000| Untracked 
|   2|0x0000000080200000, 0x0000000080300000, 0x0000000080300000|100%| O|  |TAMS 0x0000000080300000, 0x0000000080200000| Untracked 
|   3|0x0000000080300000, 0x0000000080400000, 0x0000000080400000|100%|HS|  |TAMS 0x0000000080400000, 0x0000000080300000| Complete 
|   4|0x0000000080400000, 0x0000000080500000, 0x0000000080500000|100%|HC|  |TAMS 0x0000000080500000, 0x0000000080400000| Complete 
|   5|0x0000000080500000, 0x0000000080600000, 0x0000000080600000|100%|HC|  |TAMS 0x0000000080600000, 0x0000000080500000| Complete 
|   6|0x0000000080600000, 0x0000000080700000, 0x0000000080700000|100%| O|  |TAMS 0x0000000080700000, 0x0000000080600000| Untracked 
|   7|0x0000000080700000, 0x0000000080800000, 0x0000000080800000|100%| O|  |TAMS 0x0000000080800000, 0x0000000080700000| Untracked 
|   8|0x0000000080800000, 0x0000000080900000, 0x0000000080900000|100%| O|  |TAMS 0x0000000080900000, 0x0000000080800000| Untracked 
|   9|0x0000000080900000, 0x0000000080a00000, 0x0000000080a00000|100%| O|  |TAMS 0x0000000080a00000, 0x0000000080900000| Untracked 
|  10|0x0000000080a00000, 0x0000000080b00000, 0x0000000080b00000|100%| O|  |TAMS 0x0000000080b00000, 0x0000000080a00000| Untracked 
|  11|0x0000000080b00000, 0x0000000080c00000, 0x0000000080c00000|100%| O|  |TAMS 0x0000000080c00000, 0x0000000080b00000| Untracked 
|  12|0x0000000080c00000, 0x0000000080d00000, 0x0000000080d00000|100%| O|  |TAMS 0x0000000080d00000, 0x0000000080c00000| Untracked 
|  13|0x0000000080d00000, 0x0000000080e00000, 0x0000000080e00000|100%| O|  |TAMS 0x0000000080e00000, 0x0000000080d00000| Untracked 
|  14|0x0000000080e00000, 0x0000000080f00000, 0x0000000080f00000|100%| O|  |TAMS 0x0000000080f00000, 0x0000000080e00000| Untracked 
|  15|0x0000000080f00000, 0x0000000081000000, 0x0000000081000000|100%| O|  |TAMS 0x0000000081000000, 0x0000000080f00000| Untracked 
|  16|0x0000000081000000, 0x0000000081100000, 0x0000000081100000|100%| O|  |TAMS 0x0000000081100000, 0x0000000081000000| Untracked 
|  17|0x0000000081100000, 0x0000000081200000, 0x0000000081200000|100%|HS|  |TAMS 0x0000000081200000, 0x0000000081100000| Complete 
|  18|0x0000000081200000, 0x0000000081300000, 0x0000000081300000|100%| O|  |TAMS 0x0000000081300000, 0x0000000081200000| Untracked 
|  19|0x0000000081300000, 0x0000000081400000, 0x0000000081400000|100%| O|  |TAMS 0x0000000081400000, 0x0000000081300000| Untracked 
|  20|0x0000000081400000, 0x0000000081500000, 0x0000000081500000|100%| O|  |TAMS 0x0000000081500000, 0x0000000081400000| Untracked 
|  21|0x0000000081500000, 0x0000000081600000, 0x0000000081600000|100%| O|  |TAMS 0x0000000081600000, 0x0000000081500000| Untracked 
|  22|0x0000000081600000, 0x0000000081700000, 0x0000000081700000|100%| O|  |TAMS 0x0000000081700000, 0x0000000081600000| Untracked 
|  23|0x0000000081700000, 0x0000000081800000, 0x0000000081800000|100%| O|  |TAMS 0x0000000081800000, 0x0000000081700000| Untracked 
|  24|0x0000000081800000, 0x0000000081900000, 0x0000000081900000|100%|HS|  |TAMS 0x0000000081900000, 0x0000000081800000| Complete 
|  25|0x0000000081900000, 0x0000000081a00000, 0x0000000081a00000|100%|HS|  |TAMS 0x0000000081a00000, 0x0000000081900000| Complete 
|  26|0x0000000081a00000, 0x0000000081b00000, 0x0000000081b00000|100%|HC|  |TAMS 0x0000000081b00000, 0x0000000081a00000| Complete 
|  27|0x0000000081b00000, 0x0000000081c00000, 0x0000000081c00000|100%| O|  |TAMS 0x0000000081c00000, 0x0000000081b00000| Untracked 
|  28|0x0000000081c00000, 0x0000000081d00000, 0x0000000081d00000|100%| O|  |TAMS 0x0000000081d00000, 0x0000000081c00000| Untracked 
|  29|0x0000000081d00000, 0x0000000081e00000, 0x0000000081e00000|100%| O|  |TAMS 0x0000000081e00000, 0x0000000081d00000| Untracked 
|  30|0x0000000081e00000, 0x0000000081f00000, 0x0000000081f00000|100%| O|  |TAMS 0x0000000081f00000, 0x0000000081e00000| Untracked 
|  31|0x0000000081f00000, 0x0000000082000000, 0x0000000082000000|100%| O|  |TAMS 0x0000000082000000, 0x0000000081f00000| Untracked 
|  32|0x0000000082000000, 0x0000000082100000, 0x0000000082100000|100%| O|  |TAMS 0x0000000082100000, 0x0000000082000000| Untracked 
|  33|0x0000000082100000, 0x0000000082200000, 0x0000000082200000|100%| O|  |TAMS 0x0000000082200000, 0x0000000082100000| Untracked 
|  34|0x0000000082200000, 0x0000000082300000, 0x0000000082300000|100%| O|  |TAMS 0x0000000082300000, 0x0000000082200000| Untracked 
|  35|0x0000000082300000, 0x0000000082400000, 0x0000000082400000|100%| O|  |TAMS 0x0000000082400000, 0x0000000082300000| Untracked 
|  36|0x0000000082400000, 0x0000000082500000, 0x0000000082500000|100%| O|  |TAMS 0x0000000082500000, 0x0000000082400000| Untracked 
|  37|0x0000000082500000, 0x0000000082600000, 0x0000000082600000|100%| O|  |TAMS 0x0000000082600000, 0x0000000082500000| Untracked 
|  38|0x0000000082600000, 0x0000000082700000, 0x0000000082700000|100%| O|  |TAMS 0x0000000082700000, 0x0000000082600000| Untracked 
|  39|0x0000000082700000, 0x0000000082800000, 0x0000000082800000|100%| O|  |TAMS 0x0000000082800000, 0x0000000082700000| Untracked 
|  40|0x0000000082800000, 0x0000000082900000, 0x0000000082900000|100%| O|  |TAMS 0x0000000082900000, 0x0000000082800000| Untracked 
|  41|0x0000000082900000, 0x0000000082a00000, 0x0000000082a00000|100%| O|  |TAMS 0x0000000082a00000, 0x0000000082900000| Untracked 
|  42|0x0000000082a00000, 0x0000000082b00000, 0x0000000082b00000|100%| O|  |TAMS 0x0000000082aff600, 0x0000000082a00000| Untracked 
|  43|0x0000000082b00000, 0x0000000082c00000, 0x0000000082c00000|100%| O|  |TAMS 0x0000000082b00000, 0x0000000082b00000| Untracked 
|  44|0x0000000082c00000, 0x0000000082d00000, 0x0000000082d00000|100%| O|  |TAMS 0x0000000082c00000, 0x0000000082c00000| Untracked 
|  45|0x0000000082d00000, 0x0000000082e00000, 0x0000000082e00000|100%| O|  |TAMS 0x0000000082d00000, 0x0000000082d00000| Untracked 
|  46|0x0000000082e00000, 0x0000000082f00000, 0x0000000082f00000|100%| O|  |TAMS 0x0000000082e00000, 0x0000000082e00000| Untracked 
|  47|0x0000000082f00000, 0x0000000083000000, 0x0000000083000000|100%| O|  |TAMS 0x0000000082f00000, 0x0000000082f00000| Untracked 
|  48|0x0000000083000000, 0x0000000083100000, 0x0000000083100000|100%| O|  |TAMS 0x0000000083000000, 0x0000000083000000| Untracked 
|  49|0x0000000083100000, 0x0000000083200000, 0x0000000083200000|100%| O|  |TAMS 0x0000000083100000, 0x0000000083100000| Untracked 
|  50|0x0000000083200000, 0x0000000083300000, 0x0000000083300000|100%| O|  |TAMS 0x0000000083200000, 0x0000000083200000| Untracked 
|  51|0x0000000083300000, 0x0000000083400000, 0x0000000083400000|100%| O|  |TAMS 0x0000000083300000, 0x0000000083300000| Untracked 
|  52|0x0000000083400000, 0x0000000083500000, 0x0000000083500000|100%| O|  |TAMS 0x0000000083400000, 0x0000000083400000| Untracked 
|  53|0x0000000083500000, 0x0000000083600000, 0x0000000083600000|100%| O|  |TAMS 0x0000000083500000, 0x0000000083500000| Untracked 
|  54|0x0000000083600000, 0x0000000083700000, 0x0000000083700000|100%| O|  |TAMS 0x0000000083600000, 0x0000000083600000| Untracked 
|  55|0x0000000083700000, 0x0000000083700000, 0x0000000083800000|  0%| F|  |TAMS 0x0000000083700000, 0x0000000083700000| Untracked 
|  56|0x0000000083800000, 0x0000000083800000, 0x0000000083900000|  0%| F|  |TAMS 0x0000000083800000, 0x0000000083800000| Untracked 
|  57|0x0000000083900000, 0x0000000083a00000, 0x0000000083a00000|100%|HS|  |TAMS 0x0000000083900000, 0x0000000083900000| Complete 
|  58|0x0000000083a00000, 0x0000000083b00000, 0x0000000083b00000|100%| O|  |TAMS 0x0000000083a00000, 0x0000000083a00000| Untracked 
|  59|0x0000000083b00000, 0x0000000083c00000, 0x0000000083c00000|100%| O|  |TAMS 0x0000000083b00000, 0x0000000083b00000| Untracked 
|  60|0x0000000083c00000, 0x0000000083d00000, 0x0000000083d00000|100%| O|  |TAMS 0x0000000083c00000, 0x0000000083c00000| Untracked 
|  61|0x0000000083d00000, 0x0000000083e00000, 0x0000000083e00000|100%| O|  |TAMS 0x0000000083d00000, 0x0000000083d00000| Untracked 
|  62|0x0000000083e00000, 0x0000000083f00000, 0x0000000083f00000|100%| O|  |TAMS 0x0000000083e00000, 0x0000000083e00000| Untracked 
|  63|0x0000000083f00000, 0x0000000084000000, 0x0000000084000000|100%| O|  |TAMS 0x0000000083f00000, 0x0000000083f00000| Untracked 
|  64|0x0000000084000000, 0x0000000084100000, 0x0000000084100000|100%| O|  |TAMS 0x0000000084000000, 0x0000000084000000| Untracked 
|  65|0x0000000084100000, 0x0000000084200000, 0x0000000084200000|100%| O|  |TAMS 0x0000000084100000, 0x0000000084100000| Untracked 
|  66|0x0000000084200000, 0x0000000084300000, 0x0000000084300000|100%| O|  |TAMS 0x0000000084200000, 0x0000000084200000| Untracked 
|  67|0x0000000084300000, 0x0000000084400000, 0x0000000084400000|100%| O|  |TAMS 0x0000000084300000, 0x0000000084300000| Untracked 
|  68|0x0000000084400000, 0x0000000084500000, 0x0000000084500000|100%| O|  |TAMS 0x0000000084400000, 0x0000000084400000| Untracked 
|  69|0x0000000084500000, 0x0000000084600000, 0x0000000084600000|100%| O|  |TAMS 0x0000000084500000, 0x0000000084500000| Untracked 
|  70|0x0000000084600000, 0x0000000084700000, 0x0000000084700000|100%| O|  |TAMS 0x0000000084600000, 0x0000000084600000| Untracked 
|  71|0x0000000084700000, 0x0000000084800000, 0x0000000084800000|100%| O|  |TAMS 0x0000000084700000, 0x0000000084700000| Untracked 
|  72|0x0000000084800000, 0x0000000084900000, 0x0000000084900000|100%| O|  |TAMS 0x0000000084800000, 0x0000000084800000| Untracked 
|  73|0x0000000084900000, 0x0000000084a00000, 0x0000000084a00000|100%| O|  |TAMS 0x0000000084900000, 0x0000000084900000| Untracked 
|  74|0x0000000084a00000, 0x0000000084a00000, 0x0000000084b00000|  0%| F|  |TAMS 0x0000000084a00000, 0x0000000084a00000| Untracked 
|  75|0x0000000084b00000, 0x0000000084b00000, 0x0000000084c00000|  0%| F|  |TAMS 0x0000000084b00000, 0x0000000084b00000| Untracked 
|  76|0x0000000084c00000, 0x0000000084c00000, 0x0000000084d00000|  0%| F|  |TAMS 0x0000000084c00000, 0x0000000084c00000| Untracked 
|  77|0x0000000084d00000, 0x0000000084d00000, 0x0000000084e00000|  0%| F|  |TAMS 0x0000000084d00000, 0x0000000084d00000| Untracked 
|  78|0x0000000084e00000, 0x0000000084e00000, 0x0000000084f00000|  0%| F|  |TAMS 0x0000000084e00000, 0x0000000084e00000| Untracked 
|  79|0x0000000084f00000, 0x0000000084f00000, 0x0000000085000000|  0%| F|  |TAMS 0x0000000084f00000, 0x0000000084f00000| Untracked 
|  80|0x0000000085000000, 0x0000000085100000, 0x0000000085100000|100%| O|  |TAMS 0x0000000085000000, 0x0000000085000000| Untracked 
|  81|0x0000000085100000, 0x0000000085200000, 0x0000000085200000|100%| O|  |TAMS 0x0000000085100000, 0x0000000085100000| Untracked 
|  82|0x0000000085200000, 0x0000000085300000, 0x0000000085300000|100%| O|  |TAMS 0x0000000085200000, 0x0000000085200000| Untracked 
|  83|0x0000000085300000, 0x0000000085400000, 0x0000000085400000|100%| O|  |TAMS 0x0000000085300000, 0x0000000085300000| Untracked 
|  84|0x0000000085400000, 0x0000000085500000, 0x0000000085500000|100%| O|  |TAMS 0x0000000085400000, 0x0000000085400000| Untracked 
|  85|0x0000000085500000, 0x0000000085600000, 0x0000000085600000|100%| O|  |TAMS 0x0000000085500000, 0x0000000085500000| Untracked 
|  86|0x0000000085600000, 0x0000000085700000, 0x0000000085700000|100%| O|  |TAMS 0x0000000085600000, 0x0000000085600000| Untracked 
|  87|0x0000000085700000, 0x0000000085800000, 0x0000000085800000|100%| O|  |TAMS 0x0000000085700000, 0x0000000085700000| Untracked 
|  88|0x0000000085800000, 0x0000000085800000, 0x0000000085900000|  0%| F|  |TAMS 0x0000000085800000, 0x0000000085800000| Untracked 
|  89|0x0000000085900000, 0x0000000085900000, 0x0000000085a00000|  0%| F|  |TAMS 0x0000000085900000, 0x0000000085900000| Untracked 
|  90|0x0000000085a00000, 0x0000000085a00000, 0x0000000085b00000|  0%| F|  |TAMS 0x0000000085a00000, 0x0000000085a00000| Untracked 
|  91|0x0000000085b00000, 0x0000000085b00000, 0x0000000085c00000|  0%| F|  |TAMS 0x0000000085b00000, 0x0000000085b00000| Untracked 
|  92|0x0000000085c00000, 0x0000000085c00000, 0x0000000085d00000|  0%| F|  |TAMS 0x0000000085c00000, 0x0000000085c00000| Untracked 
|  93|0x0000000085d00000, 0x0000000085d00000, 0x0000000085e00000|  0%| F|  |TAMS 0x0000000085d00000, 0x0000000085d00000| Untracked 
|  94|0x0000000085e00000, 0x0000000085e00000, 0x0000000085f00000|  0%| F|  |TAMS 0x0000000085e00000, 0x0000000085e00000| Untracked 
|  95|0x0000000085f00000, 0x0000000086000000, 0x0000000086000000|100%| O|  |TAMS 0x0000000085f00000, 0x0000000085f00000| Untracked 
|  96|0x0000000086000000, 0x0000000086100000, 0x0000000086100000|100%| O|  |TAMS 0x0000000086000000, 0x0000000086000000| Untracked 
|  97|0x0000000086100000, 0x0000000086200000, 0x0000000086200000|100%| O|  |TAMS 0x0000000086100000, 0x0000000086100000| Untracked 
|  98|0x0000000086200000, 0x000000008625a800, 0x0000000086300000| 35%| O|  |TAMS 0x0000000086200000, 0x0000000086200000| Untracked 
|  99|0x0000000086300000, 0x0000000086300000, 0x0000000086400000|  0%| F|  |TAMS 0x0000000086300000, 0x0000000086300000| Untracked 
| 100|0x0000000086400000, 0x0000000086400000, 0x0000000086500000|  0%| F|  |TAMS 0x0000000086400000, 0x0000000086400000| Untracked 
| 101|0x0000000086500000, 0x0000000086500000, 0x0000000086600000|  0%| F|  |TAMS 0x0000000086500000, 0x0000000086500000| Untracked 
| 102|0x0000000086600000, 0x0000000086600000, 0x0000000086700000|  0%| F|  |TAMS 0x0000000086600000, 0x0000000086600000| Untracked 
| 103|0x0000000086700000, 0x0000000086700000, 0x0000000086800000|  0%| F|  |TAMS 0x0000000086700000, 0x0000000086700000| Untracked 
| 104|0x0000000086800000, 0x0000000086800000, 0x0000000086900000|  0%| F|  |TAMS 0x0000000086800000, 0x0000000086800000| Untracked 
| 105|0x0000000086900000, 0x0000000086900000, 0x0000000086a00000|  0%| F|  |TAMS 0x0000000086900000, 0x0000000086900000| Untracked 
| 106|0x0000000086a00000, 0x0000000086a00000, 0x0000000086b00000|  0%| F|  |TAMS 0x0000000086a00000, 0x0000000086a00000| Untracked 
| 107|0x0000000086b00000, 0x0000000086b00000, 0x0000000086c00000|  0%| F|  |TAMS 0x0000000086b00000, 0x0000000086b00000| Untracked 
| 108|0x0000000086c00000, 0x0000000086c00000, 0x0000000086d00000|  0%| F|  |TAMS 0x0000000086c00000, 0x0000000086c00000| Untracked 
| 109|0x0000000086d00000, 0x0000000086d00000, 0x0000000086e00000|  0%| F|  |TAMS 0x0000000086d00000, 0x0000000086d00000| Untracked 
| 110|0x0000000086e00000, 0x0000000086e00000, 0x0000000086f00000|  0%| F|  |TAMS 0x0000000086e00000, 0x0000000086e00000| Untracked 
| 111|0x0000000086f00000, 0x0000000086f00000, 0x0000000087000000|  0%| F|  |TAMS 0x0000000086f00000, 0x0000000086f00000| Untracked 
| 112|0x0000000087000000, 0x0000000087000000, 0x0000000087100000|  0%| F|  |TAMS 0x0000000087000000, 0x0000000087000000| Untracked 
| 113|0x0000000087100000, 0x0000000087100000, 0x0000000087200000|  0%| F|  |TAMS 0x0000000087100000, 0x0000000087100000| Untracked 
| 114|0x0000000087200000, 0x0000000087200000, 0x0000000087300000|  0%| F|  |TAMS 0x0000000087200000, 0x0000000087200000| Untracked 
| 115|0x0000000087300000, 0x0000000087300000, 0x0000000087400000|  0%| F|  |TAMS 0x0000000087300000, 0x0000000087300000| Untracked 
| 116|0x0000000087400000, 0x0000000087400000, 0x0000000087500000|  0%| F|  |TAMS 0x0000000087400000, 0x0000000087400000| Untracked 
| 117|0x0000000087500000, 0x0000000087500000, 0x0000000087600000|  0%| F|  |TAMS 0x0000000087500000, 0x0000000087500000| Untracked 
| 118|0x0000000087600000, 0x0000000087600000, 0x0000000087700000|  0%| F|  |TAMS 0x0000000087600000, 0x0000000087600000| Untracked 
| 119|0x0000000087700000, 0x0000000087800000, 0x0000000087800000|100%| S|CS|TAMS 0x0000000087700000, 0x0000000087700000| Complete 
| 120|0x0000000087800000, 0x0000000087900000, 0x0000000087900000|100%| S|CS|TAMS 0x0000000087800000, 0x0000000087800000| Complete 
| 121|0x0000000087900000, 0x0000000087a00000, 0x0000000087a00000|100%| S|CS|TAMS 0x0000000087900000, 0x0000000087900000| Complete 
| 122|0x0000000087a00000, 0x0000000087b00000, 0x0000000087b00000|100%| S|CS|TAMS 0x0000000087a00000, 0x0000000087a00000| Complete 
| 123|0x0000000087b00000, 0x0000000087c00000, 0x0000000087c00000|100%| S|CS|TAMS 0x0000000087b00000, 0x0000000087b00000| Complete 
| 124|0x0000000087c00000, 0x0000000087d00000, 0x0000000087d00000|100%| S|CS|TAMS 0x0000000087c00000, 0x0000000087c00000| Complete 
| 125|0x0000000087d00000, 0x0000000087e00000, 0x0000000087e00000|100%| S|CS|TAMS 0x0000000087d00000, 0x0000000087d00000| Complete 
| 126|0x0000000087e00000, 0x0000000087f00000, 0x0000000087f00000|100%| S|CS|TAMS 0x0000000087e00000, 0x0000000087e00000| Complete 
| 127|0x0000000087f00000, 0x0000000088000000, 0x0000000088000000|100%| S|CS|TAMS 0x0000000087f00000, 0x0000000087f00000| Complete 
| 128|0x0000000088000000, 0x0000000088000000, 0x0000000088100000|  0%| F|  |TAMS 0x0000000088000000, 0x0000000088000000| Untracked 
| 129|0x0000000088100000, 0x0000000088100000, 0x0000000088200000|  0%| F|  |TAMS 0x0000000088100000, 0x0000000088100000| Untracked 
| 130|0x0000000088200000, 0x0000000088200000, 0x0000000088300000|  0%| F|  |TAMS 0x0000000088200000, 0x0000000088200000| Untracked 
| 131|0x0000000088300000, 0x0000000088300000, 0x0000000088400000|  0%| F|  |TAMS 0x0000000088300000, 0x0000000088300000| Untracked 
| 132|0x0000000088400000, 0x0000000088400000, 0x0000000088500000|  0%| F|  |TAMS 0x0000000088400000, 0x0000000088400000| Untracked 
| 133|0x0000000088500000, 0x0000000088500000, 0x0000000088600000|  0%| F|  |TAMS 0x0000000088500000, 0x0000000088500000| Untracked 
| 134|0x0000000088600000, 0x0000000088600000, 0x0000000088700000|  0%| F|  |TAMS 0x0000000088600000, 0x0000000088600000| Untracked 
| 135|0x0000000088700000, 0x0000000088700000, 0x0000000088800000|  0%| F|  |TAMS 0x0000000088700000, 0x0000000088700000| Untracked 
| 136|0x0000000088800000, 0x0000000088800000, 0x0000000088900000|  0%| F|  |TAMS 0x0000000088800000, 0x0000000088800000| Untracked 
| 137|0x0000000088900000, 0x0000000088900000, 0x0000000088a00000|  0%| F|  |TAMS 0x0000000088900000, 0x0000000088900000| Untracked 
| 138|0x0000000088a00000, 0x0000000088a00000, 0x0000000088b00000|  0%| F|  |TAMS 0x0000000088a00000, 0x0000000088a00000| Untracked 
| 139|0x0000000088b00000, 0x0000000088b00000, 0x0000000088c00000|  0%| F|  |TAMS 0x0000000088b00000, 0x0000000088b00000| Untracked 
| 140|0x0000000088c00000, 0x0000000088c00000, 0x0000000088d00000|  0%| F|  |TAMS 0x0000000088c00000, 0x0000000088c00000| Untracked 
| 141|0x0000000088d00000, 0x0000000088d00000, 0x0000000088e00000|  0%| F|  |TAMS 0x0000000088d00000, 0x0000000088d00000| Untracked 
| 142|0x0000000088e00000, 0x0000000088e00000, 0x0000000088f00000|  0%| F|  |TAMS 0x0000000088e00000, 0x0000000088e00000| Untracked 
| 143|0x0000000088f00000, 0x0000000088f00000, 0x0000000089000000|  0%| F|  |TAMS 0x0000000088f00000, 0x0000000088f00000| Untracked 
| 144|0x0000000089000000, 0x0000000089000000, 0x0000000089100000|  0%| F|  |TAMS 0x0000000089000000, 0x0000000089000000| Untracked 
| 145|0x0000000089100000, 0x0000000089100000, 0x0000000089200000|  0%| F|  |TAMS 0x0000000089100000, 0x0000000089100000| Untracked 
| 146|0x0000000089200000, 0x0000000089200000, 0x0000000089300000|  0%| F|  |TAMS 0x0000000089200000, 0x0000000089200000| Untracked 
| 147|0x0000000089300000, 0x0000000089300000, 0x0000000089400000|  0%| F|  |TAMS 0x0000000089300000, 0x0000000089300000| Untracked 
| 148|0x0000000089400000, 0x0000000089400000, 0x0000000089500000|  0%| F|  |TAMS 0x0000000089400000, 0x0000000089400000| Untracked 
| 149|0x0000000089500000, 0x0000000089500000, 0x0000000089600000|  0%| F|  |TAMS 0x0000000089500000, 0x0000000089500000| Untracked 
| 150|0x0000000089600000, 0x0000000089600000, 0x0000000089700000|  0%| F|  |TAMS 0x0000000089600000, 0x0000000089600000| Untracked 
| 151|0x0000000089700000, 0x0000000089700000, 0x0000000089800000|  0%| F|  |TAMS 0x0000000089700000, 0x0000000089700000| Untracked 
| 152|0x0000000089800000, 0x0000000089800000, 0x0000000089900000|  0%| F|  |TAMS 0x0000000089800000, 0x0000000089800000| Untracked 
| 153|0x0000000089900000, 0x0000000089900000, 0x0000000089a00000|  0%| F|  |TAMS 0x0000000089900000, 0x0000000089900000| Untracked 
| 154|0x0000000089a00000, 0x0000000089a00000, 0x0000000089b00000|  0%| F|  |TAMS 0x0000000089a00000, 0x0000000089a00000| Untracked 
| 155|0x0000000089b00000, 0x0000000089b00000, 0x0000000089c00000|  0%| F|  |TAMS 0x0000000089b00000, 0x0000000089b00000| Untracked 
| 156|0x0000000089c00000, 0x0000000089c00000, 0x0000000089d00000|  0%| F|  |TAMS 0x0000000089c00000, 0x0000000089c00000| Untracked 
| 157|0x0000000089d00000, 0x0000000089d00000, 0x0000000089e00000|  0%| F|  |TAMS 0x0000000089d00000, 0x0000000089d00000| Untracked 
| 158|0x0000000089e00000, 0x0000000089e00000, 0x0000000089f00000|  0%| F|  |TAMS 0x0000000089e00000, 0x0000000089e00000| Untracked 
| 159|0x0000000089f00000, 0x0000000089f00000, 0x000000008a000000|  0%| F|  |TAMS 0x0000000089f00000, 0x0000000089f00000| Untracked 
| 160|0x000000008a000000, 0x000000008a000000, 0x000000008a100000|  0%| F|  |TAMS 0x000000008a000000, 0x000000008a000000| Untracked 
| 161|0x000000008a100000, 0x000000008a100000, 0x000000008a200000|  0%| F|  |TAMS 0x000000008a100000, 0x000000008a100000| Untracked 
| 162|0x000000008a200000, 0x000000008a200000, 0x000000008a300000|  0%| F|  |TAMS 0x000000008a200000, 0x000000008a200000| Untracked 
| 163|0x000000008a300000, 0x000000008a300000, 0x000000008a400000|  0%| F|  |TAMS 0x000000008a300000, 0x000000008a300000| Untracked 
| 164|0x000000008a400000, 0x000000008a400000, 0x000000008a500000|  0%| F|  |TAMS 0x000000008a400000, 0x000000008a400000| Untracked 
| 165|0x000000008a500000, 0x000000008a500000, 0x000000008a600000|  0%| F|  |TAMS 0x000000008a500000, 0x000000008a500000| Untracked 
| 166|0x000000008a600000, 0x000000008a600000, 0x000000008a700000|  0%| F|  |TAMS 0x000000008a600000, 0x000000008a600000| Untracked 
| 167|0x000000008a700000, 0x000000008a700000, 0x000000008a800000|  0%| F|  |TAMS 0x000000008a700000, 0x000000008a700000| Untracked 
| 168|0x000000008a800000, 0x000000008a800000, 0x000000008a900000|  0%| F|  |TAMS 0x000000008a800000, 0x000000008a800000| Untracked 
| 169|0x000000008a900000, 0x000000008a900000, 0x000000008aa00000|  0%| F|  |TAMS 0x000000008a900000, 0x000000008a900000| Untracked 
| 170|0x000000008aa00000, 0x000000008aa00000, 0x000000008ab00000|  0%| F|  |TAMS 0x000000008aa00000, 0x000000008aa00000| Untracked 
| 171|0x000000008ab00000, 0x000000008ab00000, 0x000000008ac00000|  0%| F|  |TAMS 0x000000008ab00000, 0x000000008ab00000| Untracked 
| 172|0x000000008ac00000, 0x000000008ac00000, 0x000000008ad00000|  0%| F|  |TAMS 0x000000008ac00000, 0x000000008ac00000| Untracked 
| 173|0x000000008ad00000, 0x000000008ad00000, 0x000000008ae00000|  0%| F|  |TAMS 0x000000008ad00000, 0x000000008ad00000| Untracked 
| 174|0x000000008ae00000, 0x000000008ae00000, 0x000000008af00000|  0%| F|  |TAMS 0x000000008ae00000, 0x000000008ae00000| Untracked 
| 175|0x000000008af00000, 0x000000008af00000, 0x000000008b000000|  0%| F|  |TAMS 0x000000008af00000, 0x000000008af00000| Untracked 
| 176|0x000000008b000000, 0x000000008b000000, 0x000000008b100000|  0%| F|  |TAMS 0x000000008b000000, 0x000000008b000000| Untracked 
| 177|0x000000008b100000, 0x000000008b100000, 0x000000008b200000|  0%| F|  |TAMS 0x000000008b100000, 0x000000008b100000| Untracked 
| 178|0x000000008b200000, 0x000000008b200000, 0x000000008b300000|  0%| F|  |TAMS 0x000000008b200000, 0x000000008b200000| Untracked 
| 179|0x000000008b300000, 0x000000008b300000, 0x000000008b400000|  0%| F|  |TAMS 0x000000008b300000, 0x000000008b300000| Untracked 
| 180|0x000000008b400000, 0x000000008b400000, 0x000000008b500000|  0%| F|  |TAMS 0x000000008b400000, 0x000000008b400000| Untracked 
| 181|0x000000008b500000, 0x000000008b500000, 0x000000008b600000|  0%| F|  |TAMS 0x000000008b500000, 0x000000008b500000| Untracked 
| 182|0x000000008b600000, 0x000000008b700000, 0x000000008b700000|100%| E|  |TAMS 0x000000008b600000, 0x000000008b600000| Complete 
| 183|0x000000008b700000, 0x000000008b800000, 0x000000008b800000|100%| E|CS|TAMS 0x000000008b700000, 0x000000008b700000| Complete 
| 184|0x000000008b800000, 0x000000008b900000, 0x000000008b900000|100%| E|CS|TAMS 0x000000008b800000, 0x000000008b800000| Complete 

Card table byte_map: [0x0000018463640000,0x0000018463a40000] _byte_map_base: 0x0000018463240000

Marking Bits (Prev, Next): (CMBitMap*) 0x000001845076de18, (CMBitMap*) 0x000001845076de50
 Prev Bits: [0x0000018463e40000, 0x0000018465e40000)
 Next Bits: [0x0000018465e40000, 0x0000018467e40000)

Polling page: 0x000001844ff10000

Metaspace:

Usage:
  Non-class:     76.03 MB capacity,    74.74 MB ( 98%) used,     1.05 MB (  1%) free+waste,   247.13 KB ( <1%) overhead. 
      Class:     11.82 MB capacity,    11.04 MB ( 93%) used,   691.52 KB (  6%) free+waste,   113.56 KB ( <1%) overhead. 
       Both:     87.85 MB capacity,    85.77 MB ( 98%) used,     1.72 MB (  2%) free+waste,   360.69 KB ( <1%) overhead. 

Virtual space:
  Non-class space:       78.00 MB reserved,      76.25 MB ( 98%) committed 
      Class space:        1.00 GB reserved,      11.87 MB (  1%) committed 
             Both:        1.08 GB reserved,      88.12 MB (  8%) committed 

Chunk freelists:
   Non-Class:  38.00 KB
       Class:  21.00 KB
        Both:  59.00 KB

MaxMetaspaceSize: 17179869184.00 GB
CompressedClassSpaceSize: 1.00 GB
Initial GC threshold: 20.80 MB
Current GC threshold: 108.95 MB
CDS: off

CodeHeap 'non-profiled nmethods': size=120064Kb used=6369Kb max_used=6369Kb free=113694Kb
 bounds [0x000001845bd00000, 0x000001845c340000, 0x0000018463240000]
CodeHeap 'profiled nmethods': size=120000Kb used=22272Kb max_used=22272Kb free=97728Kb
 bounds [0x00000184547d0000, 0x0000018455d90000, 0x000001845bd00000]
CodeHeap 'non-nmethods': size=5696Kb used=2369Kb max_used=2427Kb free=3326Kb
 bounds [0x0000018454240000, 0x00000184544b0000, 0x00000184547d0000]
 total_blobs=11160 nmethods=10276 adapters=796
 compilation: enabled
              stopped_count=0, restarted_count=0
 full_count=0

Compilation events (20 events):
Event: 29.166 Thread 0x000001846acec000 10325       3       com.android.ide.common.blame.SourceFile::equals (55 bytes)
Event: 29.167 Thread 0x000001846acec000 nmethod 10325 0x0000018455d8a810 code [0x0000018455d8aa40, 0x0000018455d8b398]
Event: 29.167 Thread 0x000001846acec000 10327       3       com.google.gson.stream.JsonWriter::value (24 bytes)
Event: 29.168 Thread 0x000001846acec000 nmethod 10327 0x0000018455d8b590 code [0x0000018455d8b7a0, 0x0000018455d8bb68]
Event: 29.169 Thread 0x000001846a344800 nmethod 10284 0x000001845c32ee90 code [0x000001845c32f140, 0x000001845c32fb30]
Event: 29.169 Thread 0x000001846a344800 10326       4       java.lang.AbstractStringBuilder::append (55 bytes)
Event: 29.171 Thread 0x000001846acec000 10328       3       com.google.gson.stream.JsonWriter::beforeName (47 bytes)
Event: 29.172 Thread 0x000001846acec000 nmethod 10328 0x0000018455d8bc90 code [0x0000018455d8bec0, 0x0000018455d8c458]
Event: 29.187 Thread 0x000001846a344800 nmethod 10326 0x000001845c330290 code [0x000001845c330460, 0x000001845c330e28]
Event: 29.187 Thread 0x000001846a344800 10329       4       java.lang.String::getChars (54 bytes)
Event: 29.188 Thread 0x000001846acec000 10330       1       com.android.ide.common.blame.MergingLogPersistUtil$SourcePositionsSerializer::access$600 (5 bytes)
Event: 29.188 Thread 0x000001846acec000 nmethod 10330 0x000001845c331210 code [0x000001845c3313c0, 0x000001845c331458]
Event: 29.189 Thread 0x000001846acec000 10331       1       com.android.ide.common.blame.MergingLogPersistUtil$SourcePositionsSerializer::access$700 (5 bytes)
Event: 29.189 Thread 0x000001846acec000 nmethod 10331 0x000001845c331510 code [0x000001845c3316c0, 0x000001845c331758]
Event: 29.191 Thread 0x000001846a344800 nmethod 10329 0x000001845c331810 code [0x000001845c3319c0, 0x000001845c331d58]
Event: 29.191 Thread 0x000001846a344800 10296       4       java.lang.invoke.VarHandleObjects$FieldInstanceReadWrite::compareAndSet (38 bytes)
Event: 29.195 Thread 0x000001846a344800 nmethod 10296 0x000001845c332010 code [0x000001845c3321a0, 0x000001845c3324d8]
Event: 29.196 Thread 0x000001846a344800 10332 %     4       com.google.gson.stream.JsonWriter::string @ 37 (169 bytes)
Event: 29.230 Thread 0x000001846acec000 10335       3       com.google.gson.stream.JsonWriter::push (47 bytes)
Event: 29.231 Thread 0x000001846acec000 nmethod 10335 0x0000018455d8c710 code [0x0000018455d8c900, 0x0000018455d8cd68]

GC Heap History (20 events):
Event: 7.870 GC heap before
{Heap before GC invocations=8 (full 0):
 garbage-first heap   total 131072K, used 87375K [0x0000000080000000, 0x0000000100000000)
  region size 1024K, 67 young (68608K), 6 survivors (6144K)
 Metaspace       used 39828K, capacity 40779K, committed 41088K, reserved 1085440K
  class space    used 5106K, capacity 5433K, committed 5504K, reserved 1048576K
}
Event: 7.887 GC heap after
{Heap after GC invocations=9 (full 0):
 garbage-first heap   total 157696K, used 28224K [0x0000000080000000, 0x0000000100000000)
  region size 1024K, 9 young (9216K), 9 survivors (9216K)
 Metaspace       used 39828K, capacity 40779K, committed 41088K, reserved 1085440K
  class space    used 5106K, capacity 5433K, committed 5504K, reserved 1048576K
}
Event: 9.128 GC heap before
{Heap before GC invocations=9 (full 0):
 garbage-first heap   total 157696K, used 99904K [0x0000000080000000, 0x0000000100000000)
  region size 1024K, 78 young (79872K), 9 survivors (9216K)
 Metaspace       used 46148K, capacity 47247K, committed 47360K, reserved 1089536K
  class space    used 5942K, capacity 6322K, committed 6400K, reserved 1048576K
}
Event: 9.141 GC heap after
{Heap after GC invocations=10 (full 0):
 garbage-first heap   total 157696K, used 30577K [0x0000000080000000, 0x0000000100000000)
  region size 1024K, 8 young (8192K), 8 survivors (8192K)
 Metaspace       used 46148K, capacity 47247K, committed 47360K, reserved 1089536K
  class space    used 5942K, capacity 6322K, committed 6400K, reserved 1048576K
}
Event: 12.091 GC heap before
{Heap before GC invocations=10 (full 0):
 garbage-first heap   total 157696K, used 119665K [0x0000000080000000, 0x0000000100000000)
  region size 1024K, 92 young (94208K), 8 survivors (8192K)
 Metaspace       used 51660K, capacity 52935K, committed 53248K, reserved 1095680K
  class space    used 6604K, capacity 7094K, committed 7168K, reserved 1048576K
}
Event: 12.109 GC heap after
{Heap after GC invocations=11 (full 0):
 garbage-first heap   total 157696K, used 43955K [0x0000000080000000, 0x0000000100000000)
  region size 1024K, 12 young (12288K), 12 survivors (12288K)
 Metaspace       used 51660K, capacity 52935K, committed 53248K, reserved 1095680K
  class space    used 6604K, capacity 7094K, committed 7168K, reserved 1048576K
}
Event: 13.523 GC heap before
{Heap before GC invocations=11 (full 0):
 garbage-first heap   total 157696K, used 87987K [0x0000000080000000, 0x0000000100000000)
  region size 1024K, 56 young (57344K), 12 survivors (12288K)
 Metaspace       used 58422K, capacity 59794K, committed 59904K, reserved 1101824K
  class space    used 7376K, capacity 7881K, committed 7936K, reserved 1048576K
}
Event: 13.547 GC heap after
{Heap after GC invocations=12 (full 0):
 garbage-first heap   total 157696K, used 46540K [0x0000000080000000, 0x0000000100000000)
  region size 1024K, 3 young (3072K), 3 survivors (3072K)
 Metaspace       used 58422K, capacity 59794K, committed 59904K, reserved 1101824K
  class space    used 7376K, capacity 7881K, committed 7936K, reserved 1048576K
}
Event: 17.560 GC heap before
{Heap before GC invocations=13 (full 0):
 garbage-first heap   total 157696K, used 110028K [0x0000000080000000, 0x0000000100000000)
  region size 1024K, 66 young (67584K), 3 survivors (3072K)
 Metaspace       used 65077K, capacity 66550K, committed 66680K, reserved 1107968K
  class space    used 8215K, capacity 8764K, committed 8824K, reserved 1048576K
}
Event: 17.577 GC heap after
{Heap after GC invocations=14 (full 0):
 garbage-first heap   total 189440K, used 51197K [0x0000000080000000, 0x0000000100000000)
  region size 1024K, 7 young (7168K), 7 survivors (7168K)
 Metaspace       used 65077K, capacity 66550K, committed 66680K, reserved 1107968K
  class space    used 8215K, capacity 8764K, committed 8824K, reserved 1048576K
}
Event: 20.212 GC heap before
{Heap before GC invocations=15 (full 0):
 garbage-first heap   total 189440K, used 132093K [0x0000000080000000, 0x0000000100000000)
  region size 1024K, 86 young (88064K), 7 survivors (7168K)
 Metaspace       used 70642K, capacity 72214K, committed 72568K, reserved 1112064K
  class space    used 9131K, capacity 9745K, committed 9848K, reserved 1048576K
}
Event: 20.229 GC heap after
{Heap after GC invocations=16 (full 0):
 garbage-first heap   total 189440K, used 56494K [0x0000000080000000, 0x0000000100000000)
  region size 1024K, 11 young (11264K), 11 survivors (11264K)
 Metaspace       used 70642K, capacity 72214K, committed 72568K, reserved 1112064K
  class space    used 9131K, capacity 9745K, committed 9848K, reserved 1048576K
}
Event: 22.568 GC heap before
{Heap before GC invocations=16 (full 0):
 garbage-first heap   total 189440K, used 136366K [0x0000000080000000, 0x0000000100000000)
  region size 1024K, 89 young (91136K), 11 survivors (11264K)
 Metaspace       used 78925K, capacity 80775K, committed 81016K, reserved 1120256K
  class space    used 10302K, capacity 10986K, committed 11128K, reserved 1048576K
}
Event: 22.587 GC heap after
{Heap after GC invocations=17 (full 0):
 garbage-first heap   total 189440K, used 61367K [0x0000000080000000, 0x0000000100000000)
  region size 1024K, 11 young (11264K), 11 survivors (11264K)
 Metaspace       used 78925K, capacity 80775K, committed 81016K, reserved 1120256K
  class space    used 10302K, capacity 10986K, committed 11128K, reserved 1048576K
}
Event: 24.698 GC heap before
{Heap before GC invocations=17 (full 0):
 garbage-first heap   total 189440K, used 140215K [0x0000000080000000, 0x0000000100000000)
  region size 1024K, 89 young (91136K), 11 survivors (11264K)
 Metaspace       used 84459K, capacity 86554K, committed 86648K, reserved 1124352K
  class space    used 11001K, capacity 11813K, committed 11896K, reserved 1048576K
}
Event: 24.728 GC heap after
{Heap after GC invocations=18 (full 0):
 garbage-first heap   total 189440K, used 68515K [0x0000000080000000, 0x0000000100000000)
  region size 1024K, 12 young (12288K), 12 survivors (12288K)
 Metaspace       used 84459K, capacity 86554K, committed 86648K, reserved 1124352K
  class space    used 11001K, capacity 11813K, committed 11896K, reserved 1048576K
}
Event: 26.743 GC heap before
{Heap before GC invocations=18 (full 0):
 garbage-first heap   total 189440K, used 147363K [0x0000000080000000, 0x0000000100000000)
  region size 1024K, 87 young (89088K), 12 survivors (12288K)
 Metaspace       used 86212K, capacity 88353K, committed 88568K, reserved 1126400K
  class space    used 11151K, capacity 11955K, committed 12024K, reserved 1048576K
}
Event: 26.784 GC heap after
{Heap after GC invocations=19 (full 0):
 garbage-first heap   total 189440K, used 84976K [0x0000000080000000, 0x0000000100000000)
  region size 1024K, 11 young (11264K), 11 survivors (11264K)
 Metaspace       used 86212K, capacity 88353K, committed 88568K, reserved 1126400K
  class space    used 11151K, capacity 11955K, committed 12024K, reserved 1048576K
}
Event: 29.017 GC heap before
{Heap before GC invocations=19 (full 0):
 garbage-first heap   total 189440K, used 150512K [0x0000000080000000, 0x0000000100000000)
  region size 1024K, 68 young (69632K), 11 survivors (11264K)
 Metaspace       used 87772K, capacity 89953K, committed 90232K, reserved 1128448K
  class space    used 11299K, capacity 12106K, committed 12152K, reserved 1048576K
}
Event: 29.045 GC heap after
{Heap after GC invocations=20 (full 0):
 garbage-first heap   total 189440K, used 94570K [0x0000000080000000, 0x0000000100000000)
  region size 1024K, 9 young (9216K), 9 survivors (9216K)
 Metaspace       used 87772K, capacity 89953K, committed 90232K, reserved 1128448K
  class space    used 11299K, capacity 12106K, committed 12152K, reserved 1048576K
}

Deoptimization events (20 events):
Event: 28.704 Thread 0x000001846d151000 DEOPT PACKING pc=0x000001845c31cd08 sp=0x000000547bbff250
Event: 28.704 Thread 0x000001846d151000 DEOPT UNPACKING pc=0x000001845428a1af sp=0x000000547bbff1c0 mode 2
Event: 28.897 Thread 0x000001846fd9c800 Uncommon trap: trap_request=0xffffffde fr.pc=0x000001845c2f40e4 relative=0x0000000000000124
Event: 28.897 Thread 0x000001846fd9c800 Uncommon trap: reason=class_check action=maybe_recompile pc=0x000001845c2f40e4 method=org.apache.xerces.dom.NamedNodeMapImpl.item(I)Lorg/w3c/dom/Node; @ 30 c2
Event: 28.897 Thread 0x000001846fd9c800 DEOPT PACKING pc=0x000001845c2f40e4 sp=0x000000547f5f9f10
Event: 28.897 Thread 0x000001846fd9c800 DEOPT UNPACKING pc=0x000001845428a1af sp=0x000000547f5f9ea0 mode 2
Event: 28.897 Thread 0x000001846fd9c800 Uncommon trap: trap_request=0xffffffde fr.pc=0x000001845c2ebc78 relative=0x00000000000017f8
Event: 28.897 Thread 0x000001846fd9c800 Uncommon trap: reason=class_check action=maybe_recompile pc=0x000001845c2ebc78 method=org.apache.xerces.dom.NamedNodeMapImpl.item(I)Lorg/w3c/dom/Node; @ 30 c2
Event: 28.897 Thread 0x000001846fd9c800 DEOPT PACKING pc=0x000001845c2ebc78 sp=0x000000547f5fa100
Event: 28.897 Thread 0x000001846fd9c800 DEOPT UNPACKING pc=0x000001845428a1af sp=0x000000547f5f9ff0 mode 2
Event: 28.897 Thread 0x000001846fd9c800 Uncommon trap: trap_request=0xffffffde fr.pc=0x000001845c2f8884 relative=0x00000000000017e4
Event: 28.897 Thread 0x000001846fd9c800 Uncommon trap: reason=class_check action=maybe_recompile pc=0x000001845c2f8884 method=org.apache.xerces.dom.NamedNodeMapImpl.item(I)Lorg/w3c/dom/Node; @ 30 c2
Event: 28.897 Thread 0x000001846fd9c800 DEOPT PACKING pc=0x000001845c2f8884 sp=0x000000547f5fa160
Event: 28.897 Thread 0x000001846fd9c800 DEOPT UNPACKING pc=0x000001845428a1af sp=0x000000547f5fa068 mode 2
Event: 28.898 Thread 0x000001846fd9c800 Uncommon trap: trap_request=0xffffffde fr.pc=0x000001845c2f40e4 relative=0x0000000000000124
Event: 28.898 Thread 0x000001846fd9c800 Uncommon trap: reason=class_check action=maybe_recompile pc=0x000001845c2f40e4 method=org.apache.xerces.dom.NamedNodeMapImpl.item(I)Lorg/w3c/dom/Node; @ 30 c2
Event: 28.898 Thread 0x000001846fd9c800 DEOPT PACKING pc=0x000001845c2f40e4 sp=0x000000547f5f9a80
Event: 28.898 Thread 0x000001846fd9c800 DEOPT UNPACKING pc=0x000001845428a1af sp=0x000000547f5f9a10 mode 2
Event: 29.073 Thread 0x000001846fd9c800 DEOPT PACKING pc=0x000001845557a65f sp=0x000000547f5f6900
Event: 29.073 Thread 0x000001846fd9c800 DEOPT UNPACKING pc=0x000001845428a95e sp=0x000000547f5f5d88 mode 0

Classes redefined (0 events):
No events

Internal exceptions (20 events):
Event: 24.377 Thread 0x000001846fd9f800 Exception <a 'java/lang/NoSuchMethodError'{0x0000000087e8d820}: 'int java.lang.invoke.DirectMethodHandle$Holder.invokeStaticInit(java.lang.Object, java.lang.Object, java.lang.Object, java.lang.Object, java.lang.Object)'> (0x0000000087e8d820) thrown at [./src/hotspot/share/interpreter/linkResolver.cpp, line 773]
Event: 25.111 Thread 0x000001846fd9f800 Exception <a 'java/lang/NoSuchMethodError'{0x000000008a9af138}: <clinit>> (0x000000008a9af138) thrown at [./src/hotspot/share/prims/jni.cpp, line 1365]
Event: 25.359 Thread 0x000001846d86e800 Implicit null exception at 0x000001845c250a7f to 0x000001845c251164
Event: 25.492 Thread 0x000001846e785800 Implicit null exception at 0x000001845c257764 to 0x000001845c257ff0
Event: 27.219 Thread 0x000001846fd9c800 Exception <a 'java/lang/NoSuchMethodError'{0x0000000089935798}: <clinit>> (0x0000000089935798) thrown at [./src/hotspot/share/prims/jni.cpp, line 1365]
Event: 27.220 Thread 0x000001846fd9c800 Exception <a 'java/lang/NoSuchMethodError'{0x0000000089945a40}: <clinit>> (0x0000000089945a40) thrown at [./src/hotspot/share/prims/jni.cpp, line 1365]
Event: 27.227 Thread 0x000001846fd9c800 Exception <a 'java/lang/NoSuchMethodError'{0x00000000899b9008}: <clinit>> (0x00000000899b9008) thrown at [./src/hotspot/share/prims/jni.cpp, line 1365]
Event: 27.227 Thread 0x000001846fd9c800 Exception <a 'java/lang/NoSuchMethodError'{0x00000000899bbbd0}: <clinit>> (0x00000000899bbbd0) thrown at [./src/hotspot/share/prims/jni.cpp, line 1365]
Event: 27.227 Thread 0x000001846fd9c800 Exception <a 'java/lang/NoSuchMethodError'{0x00000000899c05b0}: <clinit>> (0x00000000899c05b0) thrown at [./src/hotspot/share/prims/jni.cpp, line 1365]
Event: 27.227 Thread 0x000001846fd9c800 Exception <a 'java/lang/NoSuchMethodError'{0x00000000899cbfb8}: <clinit>> (0x00000000899cbfb8) thrown at [./src/hotspot/share/prims/jni.cpp, line 1365]
Event: 27.230 Thread 0x000001846fd9c800 Exception <a 'java/lang/NoSuchMethodError'{0x00000000898239a0}: <clinit>> (0x00000000898239a0) thrown at [./src/hotspot/share/prims/jni.cpp, line 1365]
Event: 27.232 Thread 0x000001846fd9c800 Exception <a 'java/lang/NoSuchMethodError'{0x0000000089855530}: <clinit>> (0x0000000089855530) thrown at [./src/hotspot/share/prims/jni.cpp, line 1365]
Event: 27.233 Thread 0x000001846fd9c800 Exception <a 'java/lang/NoSuchMethodError'{0x0000000089858998}: <clinit>> (0x0000000089858998) thrown at [./src/hotspot/share/prims/jni.cpp, line 1365]
Event: 27.234 Thread 0x000001846fd9c800 Exception <a 'java/lang/NoSuchMethodError'{0x000000008985b608}: <clinit>> (0x000000008985b608) thrown at [./src/hotspot/share/prims/jni.cpp, line 1365]
Event: 27.235 Thread 0x000001846fd9c800 Exception <a 'java/lang/NoSuchMethodError'{0x0000000089873850}: <clinit>> (0x0000000089873850) thrown at [./src/hotspot/share/prims/jni.cpp, line 1365]
Event: 27.237 Thread 0x000001846fd9c800 Exception <a 'java/lang/NoSuchMethodError'{0x000000008988ab58}: <clinit>> (0x000000008988ab58) thrown at [./src/hotspot/share/prims/jni.cpp, line 1365]
Event: 27.239 Thread 0x000001846fd9c800 Exception <a 'java/lang/NoSuchMethodError'{0x000000008989f5c0}: <clinit>> (0x000000008989f5c0) thrown at [./src/hotspot/share/prims/jni.cpp, line 1365]
Event: 27.242 Thread 0x000001846fd9c800 Exception <a 'java/lang/NoSuchMethodError'{0x00000000898c2060}: <clinit>> (0x00000000898c2060) thrown at [./src/hotspot/share/prims/jni.cpp, line 1365]
Event: 27.246 Thread 0x000001846fd9c800 Exception <a 'java/lang/NoSuchMethodError'{0x00000000898e7480}: <clinit>> (0x00000000898e7480) thrown at [./src/hotspot/share/prims/jni.cpp, line 1365]
Event: 27.247 Thread 0x000001846fd9c800 Exception <a 'java/lang/NoSuchMethodError'{0x00000000898fba58}: <clinit>> (0x00000000898fba58) thrown at [./src/hotspot/share/prims/jni.cpp, line 1365]

Events (20 events):
Event: 27.444 loading class com/android/utils/XmlUtils$PositionAwareStringBuilder done
Event: 27.571 Thread 0x0000018471bc3000 Thread added: 0x0000018471bc3000
Event: 27.775 loading class com/android/builder/internal/aapt/v2/Aapt2RenamingConventions
Event: 27.775 loading class com/android/builder/internal/aapt/v2/Aapt2RenamingConventions done
Event: 27.776 loading class com/android/builder/internal/aapt/v2/Aapt2Exception
Event: 27.776 loading class com/android/builder/internal/aapt/v2/Aapt2Exception done
Event: 27.778 loading class com/android/ide/common/blame/MergingLogPersistUtil
Event: 27.778 loading class com/android/ide/common/blame/MergingLogPersistUtil done
Event: 27.779 loading class com/android/ide/common/blame/MergingLogPersistUtil$SourcePositionsSerializer$JsonTypeAdapter
Event: 27.779 loading class com/android/ide/common/blame/MergingLogPersistUtil$SourcePositionsSerializer$JsonTypeAdapter done
Event: 28.109 Executing VM operation: ICBufferFull
Event: 28.109 Executing VM operation: ICBufferFull done
Event: 28.403 Executing VM operation: ICBufferFull
Event: 28.404 Executing VM operation: ICBufferFull done
Event: 29.016 Executing VM operation: G1CollectForAllocation
Event: 29.045 Executing VM operation: G1CollectForAllocation done
Event: 29.109 loading class com/android/ide/common/blame/MergingLogPersistUtil$SourcePositionsSerializer
Event: 29.109 loading class com/android/ide/common/blame/MergingLogPersistUtil$SourcePositionsSerializer done
Event: 29.109 loading class com/android/ide/common/blame/MergingLogPersistUtil$SourcePositionsSerializer$Kind
Event: 29.109 loading class com/android/ide/common/blame/MergingLogPersistUtil$SourcePositionsSerializer$Kind done


Dynamic libraries:
0x00007ff78ea40000 - 0x00007ff78ea4a000 	C:\Program Files\Android\Android Studio\jre\bin\java.exe
0x00007ffa2c8f0000 - 0x00007ffa2cae8000 	C:\Windows\SYSTEM32\ntdll.dll
0x00007ffa2b8d0000 - 0x00007ffa2b98d000 	C:\Windows\System32\KERNEL32.DLL
0x00007ffa2a110000 - 0x00007ffa2a3de000 	C:\Windows\System32\KERNELBASE.dll
0x00007ffa2a010000 - 0x00007ffa2a110000 	C:\Windows\System32\ucrtbase.dll
0x00007ffa19390000 - 0x00007ffa193a9000 	C:\Program Files\Android\Android Studio\jre\bin\jli.dll
0x00007ffa10310000 - 0x00007ffa10327000 	C:\Program Files\Android\Android Studio\jre\bin\VCRUNTIME140.dll
0x00007ffa2b730000 - 0x00007ffa2b8d0000 	C:\Windows\System32\USER32.dll
0x00007ffa2a920000 - 0x00007ffa2a942000 	C:\Windows\System32\win32u.dll
0x00007ffa2bf60000 - 0x00007ffa2bf8a000 	C:\Windows\System32\GDI32.dll
0x00007ffa2a7c0000 - 0x00007ffa2a8cb000 	C:\Windows\System32\gdi32full.dll
0x00007ffa2a5c0000 - 0x00007ffa2a65d000 	C:\Windows\System32\msvcp_win.dll
0x00007ffa18c60000 - 0x00007ffa18efa000 	C:\Windows\WinSxS\amd64_microsoft.windows.common-controls_6595b64144ccf1df_6.0.19041.1110_none_60b5254171f9507e\COMCTL32.dll
0x00007ffa2c1b0000 - 0x00007ffa2c24e000 	C:\Windows\System32\msvcrt.dll
0x00007ffa2c720000 - 0x00007ffa2c750000 	C:\Windows\System32\IMM32.DLL
0x00007ff9ed640000 - 0x00007ff9ed6dd000 	C:\Program Files\Android\Android Studio\jre\bin\msvcp140.dll
0x00007ff9bb0b0000 - 0x00007ff9bbb95000 	C:\Program Files\Android\Android Studio\jre\bin\server\jvm.dll
0x00007ffa2c800000 - 0x00007ffa2c8ae000 	C:\Windows\System32\ADVAPI32.dll
0x00007ffa2c4d0000 - 0x00007ffa2c56c000 	C:\Windows\System32\sechost.dll
0x00007ffa2b100000 - 0x00007ffa2b225000 	C:\Windows\System32\RPCRT4.dll
0x00007ffa2c5e0000 - 0x00007ffa2c5e8000 	C:\Windows\System32\PSAPI.DLL
0x00007ffa25810000 - 0x00007ffa25819000 	C:\Windows\SYSTEM32\WSOCK32.dll
0x00007ffa2c570000 - 0x00007ffa2c5db000 	C:\Windows\System32\WS2_32.dll
0x00007ffa0d0a0000 - 0x00007ffa0d0c7000 	C:\Windows\SYSTEM32\WINMM.dll
0x00007ffa23340000 - 0x00007ffa2334a000 	C:\Windows\SYSTEM32\VERSION.dll
0x00007ffa288a0000 - 0x00007ffa288b2000 	C:\Windows\SYSTEM32\kernel.appcore.dll
0x00007ffa19370000 - 0x00007ffa19381000 	C:\Program Files\Android\Android Studio\jre\bin\verify.dll
0x00007ffa27e10000 - 0x00007ffa27ff4000 	C:\Windows\SYSTEM32\DBGHELP.DLL
0x00007ffa107a0000 - 0x00007ffa107cc000 	C:\Windows\SYSTEM32\dbgcore.DLL
0x00007ffa2a410000 - 0x00007ffa2a492000 	C:\Windows\System32\bcryptPrimitives.dll
0x00007ffa17a40000 - 0x00007ffa17a69000 	C:\Program Files\Android\Android Studio\jre\bin\java.dll
0x00007ffa23560000 - 0x00007ffa2356b000 	C:\Program Files\Android\Android Studio\jre\bin\jimage.dll
0x00007ffa17a20000 - 0x00007ffa17a38000 	C:\Program Files\Android\Android Studio\jre\bin\zip.dll
0x00007ffa2a9b0000 - 0x00007ffa2b0f4000 	C:\Windows\System32\SHELL32.dll
0x00007ffa280f0000 - 0x00007ffa28884000 	C:\Windows\SYSTEM32\windows.storage.dll
0x00007ffa2b370000 - 0x00007ffa2b6c4000 	C:\Windows\System32\combase.dll
0x00007ffa29a00000 - 0x00007ffa29a30000 	C:\Windows\SYSTEM32\Wldp.dll
0x00007ffa2b2c0000 - 0x00007ffa2b36d000 	C:\Windows\System32\SHCORE.dll
0x00007ffa2bf00000 - 0x00007ffa2bf55000 	C:\Windows\System32\shlwapi.dll
0x00007ffa29f50000 - 0x00007ffa29f6f000 	C:\Windows\SYSTEM32\profapi.dll
0x00007ffa17a00000 - 0x00007ffa17a1a000 	C:\Program Files\Android\Android Studio\jre\bin\net.dll
0x00007ffa18290000 - 0x00007ffa1839a000 	C:\Windows\SYSTEM32\WINHTTP.dll
0x00007ffa29760000 - 0x00007ffa297ca000 	C:\Windows\system32\mswsock.dll
0x00007ffa179e0000 - 0x00007ffa179f4000 	C:\Program Files\Android\Android Studio\jre\bin\nio.dll
0x00007ff9db450000 - 0x00007ff9db477000 	C:\Users\Envy\.gradle\native\e1d6ef7f7dcc3fd88c89a11ec53ec762bb8ba0a96d01ffa2cd45eb1d1d8dd5c5\windows-amd64\native-platform.dll
0x00007ff9eca40000 - 0x00007ff9ecb84000 	C:\Users\Envy\.gradle\native\5664cfc778a61ccfe75a443a1ab52a65af34e5dc3c78e0209fed803814484fcb\windows-amd64\native-platform-file-events.dll
0x00007ffa22450000 - 0x00007ffa2245a000 	C:\Program Files\Android\Android Studio\jre\bin\management.dll
0x00007ffa21460000 - 0x00007ffa2146d000 	C:\Program Files\Android\Android Studio\jre\bin\management_ext.dll
0x00007ffa29960000 - 0x00007ffa29978000 	C:\Windows\SYSTEM32\CRYPTSP.dll
0x00007ffa29080000 - 0x00007ffa290b4000 	C:\Windows\system32\rsaenh.dll
0x00007ffa2a3e0000 - 0x00007ffa2a407000 	C:\Windows\System32\bcrypt.dll
0x00007ffa29f10000 - 0x00007ffa29f3e000 	C:\Windows\SYSTEM32\USERENV.dll
0x00007ffa29950000 - 0x00007ffa2995c000 	C:\Windows\SYSTEM32\CRYPTBASE.dll
0x00007ffa293f0000 - 0x00007ffa2942b000 	C:\Windows\SYSTEM32\IPHLPAPI.DLL
0x00007ffa2bed0000 - 0x00007ffa2bed8000 	C:\Windows\System32\NSI.dll
0x00007ffa1b600000 - 0x00007ffa1b617000 	C:\Windows\SYSTEM32\dhcpcsvc6.DLL
0x00007ffa1c4e0000 - 0x00007ffa1c4fd000 	C:\Windows\SYSTEM32\dhcpcsvc.DLL
0x00007ffa29430000 - 0x00007ffa294fb000 	C:\Windows\SYSTEM32\DNSAPI.dll

dbghelp: loaded successfully - version: 4.0.5 - missing functions: none
symbol engine: initialized successfully - sym options: 0x614 - pdb path: .;C:\Program Files\Android\Android Studio\jre\bin;C:\Windows\SYSTEM32;C:\Windows\WinSxS\amd64_microsoft.windows.common-controls_6595b64144ccf1df_6.0.19041.1110_none_60b5254171f9507e;C:\Program Files\Android\Android Studio\jre\bin\server;C:\Users\Envy\.gradle\native\e1d6ef7f7dcc3fd88c89a11ec53ec762bb8ba0a96d01ffa2cd45eb1d1d8dd5c5\windows-amd64;C:\Users\Envy\.gradle\native\5664cfc778a61ccfe75a443a1ab52a65af34e5dc3c78e0209fed803814484fcb\windows-amd64

VM Arguments:
jvm_args: --add-opens=java.base/java.util=ALL-UNNAMED --add-opens=java.base/java.lang=ALL-UNNAMED --add-opens=java.base/java.lang.invoke=ALL-UNNAMED --add-opens=java.base/java.util=ALL-UNNAMED --add-opens=java.prefs/java.util.prefs=ALL-UNNAMED --add-opens=java.prefs/java.util.prefs=ALL-UNNAMED --add-opens=java.base/java.nio.charset=ALL-UNNAMED --add-opens=java.base/java.net=ALL-UNNAMED --add-opens=java.base/java.util.concurrent.atomic=ALL-UNNAMED -Xmx2048m -Dfile.encoding=UTF-8 -Duser.country=US -Duser.language=en -Duser.variant 
java_command: org.gradle.launcher.daemon.bootstrap.GradleDaemon 7.3.3
java_class_path (initial): C:\Users\Envy\.gradle\wrapper\dists\gradle-7.3.3-bin\6a41zxkdtcxs8rphpq6y0069z\gradle-7.3.3\lib\gradle-launcher-7.3.3.jar
Launcher Type: SUN_STANDARD

[Global flags]
     intx CICompilerCount                          = 3                                         {product} {ergonomic}
     uint ConcGCThreads                            = 1                                         {product} {ergonomic}
     uint G1ConcRefinementThreads                  = 4                                         {product} {ergonomic}
   size_t G1HeapRegionSize                         = 1048576                                   {product} {ergonomic}
    uintx GCDrainStackTargetSize                   = 64                                        {product} {ergonomic}
   size_t InitialHeapSize                          = 134217728                                 {product} {ergonomic}
   size_t MarkStackSize                            = 4194304                                   {product} {ergonomic}
   size_t MaxHeapSize                              = 2147483648                                {product} {command line}
   size_t MaxNewSize                               = 1287651328                                {product} {ergonomic}
   size_t MinHeapDeltaBytes                        = 1048576                                   {product} {ergonomic}
    uintx NonNMethodCodeHeapSize                   = 5830732                                {pd product} {ergonomic}
    uintx NonProfiledCodeHeapSize                  = 122913754                              {pd product} {ergonomic}
    uintx ProfiledCodeHeapSize                     = 122913754                              {pd product} {ergonomic}
    uintx ReservedCodeCacheSize                    = 251658240                              {pd product} {ergonomic}
     bool SegmentedCodeCache                       = true                                      {product} {ergonomic}
     bool UseCompressedClassPointers               = true                                 {lp64_product} {ergonomic}
     bool UseCompressedOops                        = true                                 {lp64_product} {ergonomic}
     bool UseG1GC                                  = true                                      {product} {ergonomic}
     bool UseLargePagesIndividualAllocation        = false                                  {pd product} {ergonomic}

Logging:
Log output configuration:
 #0: stdout all=warning uptime,level,tags
 #1: stderr all=off uptime,level,tags

Environment Variables:
JAVA_HOME=C:\Program Files\Android\jdk\jdk-8.0.302.8-hotspot\jdk8u302-b08
PATH=C:\Program Files\Microsoft\jdk-11.0.12.7-hotspot\bin;C:\Python310\Scripts\;C:\Python310\;C:\Windows\system32;C:\Windows;C:\Windows\System32\Wbem;C:\Windows\System32\WindowsPowerShell\v1.0\;C:\Windows\System32\OpenSSH\;C:\Program Files\Git\cmd;C:\xampp\php;C:\Program Files\nodejs\;C:\ProgramData\chocolatey\bin;C:\Program Files\Microsoft SQL Server\150\Tools\Binn\;C:\Program Files\Microsoft SQL Server\Client SDK\ODBC\170\Tools\Binn\;C:\Program Files\dotnet\;C:\Users\Envy\AppData\Local\Microsoft\WindowsApps;;C:\Users\Envy\AppData\Local\Programs\Microsoft VS Code\bin;C:\Users\Envy\AppData\Roaming\npm;C:\Users\Envy\.dotnet\tools
USERNAME=Envy
OS=Windows_NT
PROCESSOR_IDENTIFIER=Intel64 Family 6 Model 142 Stepping 9, GenuineIntel



---------------  S Y S T E M  ---------------

OS: Windows 10 , 64 bit Build 19041 (10.0.19041.1806)
OS uptime: 4 days 0:32 hours

CPU:total 4 (initial active 4) (2 cores per cpu, 2 threads per core) family 6 model 142 stepping 9 microcode 0xb4, cmov, cx8, fxsr, mmx, sse, sse2, sse3, ssse3, sse4.1, sse4.2, popcnt, avx, avx2, aes, clmul, erms, 3dnowpref, lzcnt, ht, tsc, tscinvbit, bmi1, bmi2, adx, fma

Memory: 4k page, system-wide physical 8064M (418M free)
TotalPageFile size 32640M (AvailPageFile size 6M)
current process WorkingSet (physical memory assigned to process): 381M, peak: 403M
current process commit charge ("private bytes"): 463M, peak: 466M

vm_info: OpenJDK 64-Bit Server VM (11.0.12+7-b1504.28-7817840) for windows-amd64 JRE (11.0.12+7-b1504.28-7817840), built on Oct 13 2021 22:12:33 by "builder" with MS VC++ 14.0 (VS2015)

END.
